Mono: AOT: image '/home/johannes/Playground/cppwithcsharp/momo-heaven/lib/mono/4.5/mscorlib.dll.so' not found: /home/johannes/Playground/cppwithcsharp/momo-heaven/lib/mono/4.5/mscorlib.dll.so: cannot open shared object file: No such file or directory
Mono: AOT: image '/home/johannes/Playground/cppwithcsharp/momo-heaven/lib/mono/aot-cache/amd64/mscorlib.dll.so' not found: /home/johannes/Playground/cppwithcsharp/momo-heaven/lib/mono/aot-cache/amd64/mscorlib.dll.so: cannot open shared object file: No such file or directory
Mono: AOT: module /home/johannes/Playground/LatestGPT/Class1.exe.so wants to load image 1: Class1
Mono: AOT: module /home/johannes/Playground/LatestGPT/Class1.exe.so wants to load image 0: mscorlib
Mono: AOT: image '/home/johannes/Playground/LatestGPT/Class1.exe.so' found.

=================================================================
	Native Crash Reporting
=================================================================
Got a SIGSEGV while executing native code. This usually indicates
a fatal error in the mono runtime or one of the native libraries 
used by your application.
=================================================================

=================================================================
	Native stacktrace:
=================================================================
	0x7654d754267b - /usr/lib/libmonosgen-2.0.so.1 : 
	0x7654d7542a0d - /usr/lib/libmonosgen-2.0.so.1 : 
	0x7654d74cd727 - /usr/lib/libmonosgen-2.0.so.1 : 
	0x7654d753c1d5 - /usr/lib/libmonosgen-2.0.so.1 : 
	0x7654d76560ff - /usr/lib/libmonosgen-2.0.so.1 : 
	0x7654d765679c - /usr/lib/libmonosgen-2.0.so.1 : 
	0x7654d749a173 - /usr/lib/libmonosgen-2.0.so.1 : mono_jit_exec
	0x60126f1f42d4 - ./MyApp : 
	0x7654d6c2a3b8 - /lib/x86_64-linux-gnu/libc.so.6 : 
	0x7654d6c2a47b - /lib/x86_64-linux-gnu/libc.so.6 : __libc_start_main
	0x60126f1f4145 - ./MyApp : 

=================================================================
	Telemetry Dumper:
=================================================================
Pkilling 0x130106752235200x from 0x130106766202752x
Entering thread summarizer pause from 0x130106766202752x
Finished thread summarizer pause from 0x130106766202752x.
Failed to create breadcrumb file (null)/crash_hash_0x0

Waiting for dumping threads to resume

=================================================================
	External Debugger Dump:
=================================================================
[New LWP 202683]
[New LWP 202682]

This GDB supports auto-downloading debuginfo from the following URLs:
  <https://debuginfod.ubuntu.com>
Enable debuginfod for this session? (y or [n]) [answered N; input not from terminal]
Debuginfod has been disabled.
To make this setting permanent, add 'set debuginfod enabled off' to .gdbinit.
[Thread debugging using libthread_db enabled]
Using host libthread_db library "/lib/x86_64-linux-gnu/libthread_db.so.1".
0x00007654d6d1a163 in __GI___wait4 (pid=202689, stat_loc=0x7ffd73a08754, options=0, usage=0x0) at ../sysdeps/unix/sysv/linux/wait4.c:30
Warnung: 30	../sysdeps/unix/sysv/linux/wait4.c: Datei oder Verzeichnis nicht gefunden
  Id   Target Id                                        Frame 
* 1    Thread 0x7654d7951780 (LWP 202681) "MyApp"       0x00007654d6d1a163 in __GI___wait4 (pid=202689, stat_loc=0x7ffd73a08754, options=0, usage=0x0) at ../sysdeps/unix/sysv/linux/wait4.c:30
  2    Thread 0x7654d6bff6c0 (LWP 202683) "Finalizer"   0x00007654d6c9dffd in __futex_abstimed_wait_common64 (private=<optimized out>, futex_word=0x7654d789c900, expected=0, op=393, abstime=0x0, cancel=true) at ./nptl/futex-internal.c:57
  3    Thread 0x7654d63ff6c0 (LWP 202682) "SGen worker" 0x00007654d6c9dffd in __futex_abstimed_wait_common64 (private=0, futex_word=0x7654d78ab1c8, expected=0, op=393, abstime=0x0, cancel=true) at ./nptl/futex-internal.c:57

Thread 3 (Thread 0x7654d63ff6c0 (LWP 202682) "SGen worker"):
#0  0x00007654d6c9dffd in __futex_abstimed_wait_common64 (private=0, futex_word=0x7654d78ab1c8, expected=0, op=393, abstime=0x0, cancel=true) at ./nptl/futex-internal.c:57
#1  __futex_abstimed_wait_common (futex_word=0x7654d78ab1c8, expected=0, clockid=0, abstime=0x0, private=0, cancel=true) at ./nptl/futex-internal.c:87
#2  __GI___futex_abstimed_wait_cancelable64 (futex_word=futex_word@entry=0x7654d78ab1c8, expected=expected@entry=0, clockid=clockid@entry=0, abstime=abstime@entry=0x0, private=private@entry=0) at ./nptl/futex-internal.c:139
#3  0x00007654d6ca0b6d in __pthread_cond_wait_common (cond=0x7654d78ab1a0, mutex=0x7654d78ab1e0, clockid=0, abstime=0x0) at ./nptl/pthread_cond_wait.c:503
#4  ___pthread_cond_wait (cond=0x7654d78ab1a0, mutex=0x7654d78ab1e0) at ./nptl/pthread_cond_wait.c:627
#5  0x00007654d770b4c6 in ?? () from /usr/lib/libmonosgen-2.0.so.1
#6  0x00007654d6ca1e2e in start_thread (arg=<optimized out>) at ./nptl/pthread_create.c:447
#7  0x00007654d6d33a4c in __GI___clone3 () at ../sysdeps/unix/sysv/linux/x86_64/clone3.S:78

Thread 2 (Thread 0x7654d6bff6c0 (LWP 202683) "Finalizer"):
#0  0x00007654d6c9dffd in __futex_abstimed_wait_common64 (private=<optimized out>, futex_word=0x7654d789c900, expected=0, op=393, abstime=0x0, cancel=true) at ./nptl/futex-internal.c:57
#1  __futex_abstimed_wait_common (futex_word=0x7654d789c900, expected=0, clockid=0, abstime=0x0, private=<optimized out>, cancel=true) at ./nptl/futex-internal.c:87
#2  __GI___futex_abstimed_wait_cancelable64 (futex_word=futex_word@entry=0x7654d789c900, expected=expected@entry=0, clockid=clockid@entry=0, abstime=abstime@entry=0x0, private=<optimized out>) at ./nptl/futex-internal.c:139
#3  0x00007654d6caa39f in do_futex_wait (sem=sem@entry=0x7654d789c900, abstime=0x0, clockid=0) at ./nptl/sem_waitcommon.c:111
#4  0x00007654d6caa438 in __new_sem_wait_slow64 (sem=0x7654d789c900, abstime=0x0, clockid=0) at ./nptl/sem_waitcommon.c:183
#5  0x00007654d76bab28 in ?? () from /usr/lib/libmonosgen-2.0.so.1
#6  0x00007654d76773aa in ?? () from /usr/lib/libmonosgen-2.0.so.1
#7  0x00007654d6ca1e2e in start_thread (arg=<optimized out>) at ./nptl/pthread_create.c:447
#8  0x00007654d6d33a4c in __GI___clone3 () at ../sysdeps/unix/sysv/linux/x86_64/clone3.S:78

Thread 1 (Thread 0x7654d7951780 (LWP 202681) "MyApp"):
#0  0x00007654d6d1a163 in __GI___wait4 (pid=202689, stat_loc=0x7ffd73a08754, options=0, usage=0x0) at ../sysdeps/unix/sysv/linux/wait4.c:30
#1  0x00007654d75428f2 in ?? () from /usr/lib/libmonosgen-2.0.so.1
#2  0x00007654d7542a0d in ?? () from /usr/lib/libmonosgen-2.0.so.1
#3  0x00007654d74cd727 in ?? () from /usr/lib/libmonosgen-2.0.so.1
#4  0x00007654d753c1d5 in ?? () from /usr/lib/libmonosgen-2.0.so.1
#5  0x00007654d76560ff in ?? () from /usr/lib/libmonosgen-2.0.so.1
#6  0x00007654d765679c in ?? () from /usr/lib/libmonosgen-2.0.so.1
#7  0x00007654d749a173 in mono_jit_exec () from /usr/lib/libmonosgen-2.0.so.1
#8  0x000060126f1f42d4 in main ()
[Inferior 1 (process 202681) detached]

=================================================================
	Basic Fault Address Reporting
=================================================================
Memory around native instruction pointer (0x7654d76560ff):0x7654d76560ef  8b 1c 24 89 2d 38 54 24 00 48 89 05 39 54 24 00  ..$.-8T$.H..9T$.
0x7654d76560ff  48 8b 3b e8 49 5a 0e 00 85 c0 0f 84 61 01 00 00  H.;.IZ......a...
0x7654d765610f  48 8b 04 24 48 8b 38 e8 c5 84 0c 00 48 89 c3 48  H..$H.8.....H..H
0x7654d765611f  85 c0 0f 84 f9 02 00 00 48 8b 05 0a 54 24 00 48  ........H...T$.H

=================================================================
	Managed Stacktrace:
=================================================================
=================================================================
